This is pdfTeX, Version 3.1415926-1.40.10 (TeX Live 2009/Debian) (format=pdflatex 2012.11.15)  24 APR 2013 14:04
entering extended mode
 %&-line parsing enabled.
**finalreport.tex
(./finalreport.tex
LaTeX2e <2009/09/24>
Babel <v3.8l> and hyphenation patterns for english, usenglishmax, dumylang, noh
yphenation, loaded.
(/usr/share/texmf-texlive/tex/latex/base/report.cls
Document Class: report 2007/10/19 v1.4h Standard LaTeX document class
(/usr/share/texmf-texlive/tex/latex/base/size12.clo
File: size12.clo 2007/10/19 v1.4h Standard LaTeX file (size option)
)
\c@part=\count79
\c@chapter=\count80
\c@section=\count81
\c@subsection=\count82
\c@subsubsection=\count83
\c@paragraph=\count84
\c@subparagraph=\count85
\c@figure=\count86
\c@table=\count87
\abovecaptionskip=\skip41
\belowcaptionskip=\skip42
\bibindent=\dimen102
)
(/usr/share/texmf-texlive/tex/latex/base/inputenc.sty
Package: inputenc 2008/03/30 v1.1d Input encoding file
\inpenc@prehook=\toks14
\inpenc@posthook=\toks15

(/usr/share/texmf-texlive/tex/latex/ucs/utf8x.def
File: utf8x.def 2004/10/17 UCS: Input encoding UTF-8
))
(/usr/share/texmf-texlive/tex/latex/ucs/ucs.sty
Package: ucs 2004/10/17 UCS: Unicode input support

(/usr/share/texmf-texlive/tex/latex/ucs/data/uni-global.def
File: uni-global.def 2004/10/17 UCS: Unicode global data
)
\uc@secondtry=\count88
\uc@combtoks=\toks16
\uc@combtoksb=\toks17
\uc@temptokena=\toks18
)
(/usr/share/texmf-texlive/tex/latex/ltxmisc/url.sty
\Urlmuskip=\muskip10
Package: url 2006/04/12  ver 3.3  Verb mode for urls, etc.
)
(/usr/share/texmf-texlive/tex/latex/titling/titling.sty
Package: titling 2009/09/04 v2.1d maketitle typesetting
\thanksmarkwidth=\skip43
\thanksmargin=\skip44
\droptitle=\skip45
)
(/usr/share/texmf-texlive/tex/latex/amsmath/amsmath.sty
Package: amsmath 2000/07/18 v2.13 AMS math features
\@mathmargin=\skip46

For additional information on amsmath, use the `?' option.
(/usr/share/texmf-texlive/tex/latex/amsmath/amstext.sty
Package: amstext 2000/06/29 v2.01

(/usr/share/texmf-texlive/tex/latex/amsmath/amsgen.sty
File: amsgen.sty 1999/11/30 v2.0
\@emptytoks=\toks19
\ex@=\dimen103
))
(/usr/share/texmf-texlive/tex/latex/amsmath/amsbsy.sty
Package: amsbsy 1999/11/29 v1.2d
\pmbraise@=\dimen104
)
(/usr/share/texmf-texlive/tex/latex/amsmath/amsopn.sty
Package: amsopn 1999/12/14 v2.01 operator names
)
\inf@bad=\count89
LaTeX Info: Redefining \frac on input line 211.
\uproot@=\count90
\leftroot@=\count91
LaTeX Info: Redefining \overline on input line 307.
\classnum@=\count92
\DOTSCASE@=\count93
LaTeX Info: Redefining \ldots on input line 379.
LaTeX Info: Redefining \dots on input line 382.
LaTeX Info: Redefining \cdots on input line 467.
\Mathstrutbox@=\box26
\strutbox@=\box27
\big@size=\dimen105
LaTeX Font Info:    Redeclaring font encoding OML on input line 567.
LaTeX Font Info:    Redeclaring font encoding OMS on input line 568.
\macc@depth=\count94
\c@MaxMatrixCols=\count95
\dotsspace@=\muskip11
\c@parentequation=\count96
\dspbrk@lvl=\count97
\tag@help=\toks20
\row@=\count98
\column@=\count99
\maxfields@=\count100
\andhelp@=\toks21
\eqnshift@=\dimen106
\alignsep@=\dimen107
\tagshift@=\dimen108
\tagwidth@=\dimen109
\totwidth@=\dimen110
\lineht@=\dimen111
\@envbody=\toks22
\multlinegap=\skip47
\multlinetaggap=\skip48
\mathdisplay@stack=\toks23
LaTeX Info: Redefining \[ on input line 2666.
LaTeX Info: Redefining \] on input line 2667.
)
(/usr/share/texmf-texlive/tex/latex/amsfonts/amssymb.sty
Package: amssymb 2009/06/22 v3.00

(/usr/share/texmf-texlive/tex/latex/amsfonts/amsfonts.sty
Package: amsfonts 2009/06/22 v3.00 Basic AMSFonts support
\symAMSa=\mathgroup4
\symAMSb=\mathgroup5
LaTeX Font Info:    Overwriting math alphabet `\mathfrak' in version `bold'
(Font)                  U/euf/m/n --> U/euf/b/n on input line 96.
))
(/usr/share/texmf-texlive/tex/latex/graphics/graphicx.sty
Package: graphicx 1999/02/16 v1.0f Enhanced LaTeX Graphics (DPC,SPQR)

(/usr/share/texmf-texlive/tex/latex/graphics/keyval.sty
Package: keyval 1999/03/16 v1.13 key=value parser (DPC)
\KV@toks@=\toks24
)
(/usr/share/texmf-texlive/tex/latex/graphics/graphics.sty
Package: graphics 2009/02/05 v1.0o Standard LaTeX Graphics (DPC,SPQR)

(/usr/share/texmf-texlive/tex/latex/graphics/trig.sty
Package: trig 1999/03/16 v1.09 sin cos tan (DPC)
)
(/etc/texmf/tex/latex/config/graphics.cfg
File: graphics.cfg 2009/08/28 v1.8 graphics configuration of TeX Live
)
Package graphics Info: Driver file: pdftex.def on input line 91.

(/usr/share/texmf-texlive/tex/latex/pdftex-def/pdftex.def
File: pdftex.def 2010/03/12 v0.04p Graphics/color for pdfTeX
\Gread@gobject=\count101
))
\Gin@req@height=\dimen112
\Gin@req@width=\dimen113
)
(/usr/share/texmf-texlive/tex/latex/listings/listings.sty
\lst@mode=\count102
\lst@gtempboxa=\box28
\lst@token=\toks25
\lst@length=\count103
\lst@currlwidth=\dimen114
\lst@column=\count104
\lst@pos=\count105
\lst@lostspace=\dimen115
\lst@width=\dimen116
\lst@newlines=\count106
\lst@lineno=\count107
\lst@maxwidth=\dimen117

(/usr/share/texmf-texlive/tex/latex/listings/lstmisc.sty
File: lstmisc.sty 2007/02/22 1.4 (Carsten Heinz)
\c@lstnumber=\count108
\lst@skipnumbers=\count109
\lst@framebox=\box29
)
(/usr/share/texmf-texlive/tex/latex/listings/listings.cfg
File: listings.cfg 2007/02/22 1.4 listings configuration
))
Package: listings 2007/02/22 1.4 (Carsten Heinz)

(/usr/share/texmf-texlive/tex/latex/caption/caption.sty
Package: caption 2009/10/09 v3.1k Customizing captions (AR)

(/usr/share/texmf-texlive/tex/latex/caption/caption3.sty
Package: caption3 2009/10/09 v3.1k caption3 kernel (AR)
\captionmargin=\dimen118
\captionmargin@=\dimen119
\captionwidth=\dimen120
\caption@indent=\dimen121
\caption@parindent=\dimen122
\caption@hangindent=\dimen123
)
\c@ContinuedFloat=\count110
Package caption Info: listings package is loaded.
)
(/usr/share/texmf-texlive/tex/latex/caption/subcaption.sty
Package: subcaption 2008/08/31 v1.0b Adding subcaptions (AR)
\c@subfigure=\count111
\c@subtable=\count112
)
(/usr/share/texmf-texlive/tex/latex/base/textcomp.sty
Package: textcomp 2005/09/27 v1.99g Standard LaTeX package
Package textcomp Info: Sub-encoding information:
(textcomp)               5 = only ISO-Adobe without \textcurrency
(textcomp)               4 = 5 + \texteuro
(textcomp)               3 = 4 + \textohm
(textcomp)               2 = 3 + \textestimated + \textcurrency
(textcomp)               1 = TS1 - \textcircled - \t
(textcomp)               0 = TS1 (full)
(textcomp)             Font families with sub-encoding setting implement
(textcomp)             only a restricted character set as indicated.
(textcomp)             Family '?' is the default used for unknown fonts.
(textcomp)             See the documentation for details.
Package textcomp Info: Setting ? sub-encoding to TS1/1 on input line 71.

(/usr/share/texmf-texlive/tex/latex/base/ts1enc.def
File: ts1enc.def 2001/06/05 v3.0e (jk/car/fm) Standard LaTeX file
)
LaTeX Info: Redefining \oldstylenums on input line 266.
Package textcomp Info: Setting cmr sub-encoding to TS1/0 on input line 281.
Package textcomp Info: Setting cmss sub-encoding to TS1/0 on input line 282.
Package textcomp Info: Setting cmtt sub-encoding to TS1/0 on input line 283.
Package textcomp Info: Setting cmvtt sub-encoding to TS1/0 on input line 284.
Package textcomp Info: Setting cmbr sub-encoding to TS1/0 on input line 285.
Package textcomp Info: Setting cmtl sub-encoding to TS1/0 on input line 286.
Package textcomp Info: Setting ccr sub-encoding to TS1/0 on input line 287.
Package textcomp Info: Setting ptm sub-encoding to TS1/4 on input line 288.
Package textcomp Info: Setting pcr sub-encoding to TS1/4 on input line 289.
Package textcomp Info: Setting phv sub-encoding to TS1/4 on input line 290.
Package textcomp Info: Setting ppl sub-encoding to TS1/3 on input line 291.
Package textcomp Info: Setting pag sub-encoding to TS1/4 on input line 292.
Package textcomp Info: Setting pbk sub-encoding to TS1/4 on input line 293.
Package textcomp Info: Setting pnc sub-encoding to TS1/4 on input line 294.
Package textcomp Info: Setting pzc sub-encoding to TS1/4 on input line 295.
Package textcomp Info: Setting bch sub-encoding to TS1/4 on input line 296.
Package textcomp Info: Setting put sub-encoding to TS1/5 on input line 297.
Package textcomp Info: Setting uag sub-encoding to TS1/5 on input line 298.
Package textcomp Info: Setting ugq sub-encoding to TS1/5 on input line 299.
Package textcomp Info: Setting ul8 sub-encoding to TS1/4 on input line 300.
Package textcomp Info: Setting ul9 sub-encoding to TS1/4 on input line 301.
Package textcomp Info: Setting augie sub-encoding to TS1/5 on input line 302.
Package textcomp Info: Setting dayrom sub-encoding to TS1/3 on input line 303.
Package textcomp Info: Setting dayroms sub-encoding to TS1/3 on input line 304.

Package textcomp Info: Setting pxr sub-encoding to TS1/0 on input line 305.
Package textcomp Info: Setting pxss sub-encoding to TS1/0 on input line 306.
Package textcomp Info: Setting pxtt sub-encoding to TS1/0 on input line 307.
Package textcomp Info: Setting txr sub-encoding to TS1/0 on input line 308.
Package textcomp Info: Setting txss sub-encoding to TS1/0 on input line 309.
Package textcomp Info: Setting txtt sub-encoding to TS1/0 on input line 310.
Package textcomp Info: Setting futs sub-encoding to TS1/4 on input line 311.
Package textcomp Info: Setting futx sub-encoding to TS1/4 on input line 312.
Package textcomp Info: Setting futj sub-encoding to TS1/4 on input line 313.
Package textcomp Info: Setting hlh sub-encoding to TS1/3 on input line 314.
Package textcomp Info: Setting hls sub-encoding to TS1/3 on input line 315.
Package textcomp Info: Setting hlst sub-encoding to TS1/3 on input line 316.
Package textcomp Info: Setting hlct sub-encoding to TS1/5 on input line 317.
Package textcomp Info: Setting hlx sub-encoding to TS1/5 on input line 318.
Package textcomp Info: Setting hlce sub-encoding to TS1/5 on input line 319.
Package textcomp Info: Setting hlcn sub-encoding to TS1/5 on input line 320.
Package textcomp Info: Setting hlcw sub-encoding to TS1/5 on input line 321.
Package textcomp Info: Setting hlcf sub-encoding to TS1/5 on input line 322.
Package textcomp Info: Setting pplx sub-encoding to TS1/3 on input line 323.
Package textcomp Info: Setting pplj sub-encoding to TS1/3 on input line 324.
Package textcomp Info: Setting ptmx sub-encoding to TS1/4 on input line 325.
Package textcomp Info: Setting ptmj sub-encoding to TS1/4 on input line 326.
)
(/usr/share/texmf-texlive/tex/latex/geometry/geometry.sty
Package: geometry 2008/12/21 v4.2 Page Geometry

(/usr/share/texmf-texlive/tex/generic/oberdiek/ifpdf.sty
Package: ifpdf 2009/04/10 v2.0 Provides the ifpdf switch (HO)
Package ifpdf Info: pdfTeX in pdf mode detected.
)
(/usr/share/texmf-texlive/tex/generic/oberdiek/ifvtex.sty
Package: ifvtex 2008/11/04 v1.4 Switches for detecting VTeX and its modes (HO)
Package ifvtex Info: VTeX not detected.
)
\Gm@cnth=\count113
\Gm@cntv=\count114
\c@Gm@tempcnt=\count115
\Gm@bindingoffset=\dimen124
\Gm@wd@mp=\dimen125
\Gm@odd@mp=\dimen126
\Gm@even@mp=\dimen127
\Gm@dimlist=\toks26

(/usr/share/texmf-texlive/tex/xelatex/xetexconfig/geometry.cfg))
(/usr/share/texmf-texlive/tex/latex/algorithmicx/algpseudocode.sty
Package: algpseudocode 

(/usr/share/texmf-texlive/tex/latex/base/ifthen.sty
Package: ifthen 2001/05/26 v1.1c Standard LaTeX ifthen package (DPC)
)
(/usr/share/texmf-texlive/tex/latex/algorithmicx/algorithmicx.sty
Package: algorithmicx 2005/04/27 v1.2 Algorithmicx

Document Style algorithmicx 1.2 - a greatly improved `algorithmic' style
\c@ALG@line=\count116
\c@ALG@rem=\count117
\c@ALG@nested=\count118
\ALG@tlm=\skip49
\ALG@thistlm=\skip50
\c@ALG@Lnr=\count119
\c@ALG@blocknr=\count120
\c@ALG@storecount=\count121
\c@ALG@tmpcounter=\count122
\ALG@tmplength=\skip51
)
Document Style - pseudocode environments for use with the `algorithmicx' style
) (/usr/share/texmf-texlive/tex/latex/algorithms/algorithm.sty
Package: algorithm 2009/08/24 v0.1 Document Style `algorithm' - floating enviro
nment

(/usr/share/texmf-texlive/tex/latex/float/float.sty
Package: float 2001/11/08 v1.3d Float enhancements (AL)
\c@float@type=\count123
\float@exts=\toks27
\float@box=\box30
\@float@everytoks=\toks28
\@floatcapt=\box31
)
\@float@every@algorithm=\toks29
\c@algorithm=\count124
) (./finalreport.aux)
\openout1 = `finalreport.aux'.

LaTeX Font Info:    Checking defaults for OML/cmm/m/it on input line 37.
LaTeX Font Info:    ... okay on input line 37.
LaTeX Font Info:    Checking defaults for T1/cmr/m/n on input line 37.
LaTeX Font Info:    ... okay on input line 37.
LaTeX Font Info:    Checking defaults for OT1/cmr/m/n on input line 37.
LaTeX Font Info:    ... okay on input line 37.
LaTeX Font Info:    Checking defaults for OMS/cmsy/m/n on input line 37.
LaTeX Font Info:    ... okay on input line 37.
LaTeX Font Info:    Checking defaults for OMX/cmex/m/n on input line 37.
LaTeX Font Info:    ... okay on input line 37.
LaTeX Font Info:    Checking defaults for U/cmr/m/n on input line 37.
LaTeX Font Info:    ... okay on input line 37.
LaTeX Font Info:    Checking defaults for TS1/cmr/m/n on input line 37.
LaTeX Font Info:    Try loading font information for TS1+cmr on input line 37.

(/usr/share/texmf-texlive/tex/latex/base/ts1cmr.fd
File: ts1cmr.fd 1999/05/25 v2.5h Standard LaTeX font definitions
)
LaTeX Font Info:    ... okay on input line 37.

(/usr/share/texmf-texlive/tex/latex/ucs/ucsencs.def
File: ucsencs.def 2003/11/29 Fixes to fontencodings LGR, T3
)
(/usr/share/texmf-texlive/tex/context/base/supp-pdf.mkii
[Loading MPS to PDF converter (version 2006.09.02).]
\scratchcounter=\count125
\scratchdimen=\dimen128
\scratchbox=\box32
\nofMPsegments=\count126
\nofMParguments=\count127
\everyMPshowfont=\toks30
\MPscratchCnt=\count128
\MPscratchDim=\dimen129
\MPnumerator=\count129
\everyMPtoPDFconversion=\toks31
)
\c@lstlisting=\count130
Package caption Info: Begin \AtBeginDocument code.
Package caption Info: float package is loaded.
Package caption Info: End \AtBeginDocument code.

*geometry auto-detecting driver*
*geometry detected driver: pdftex*
-------------------- Geometry parameters
paper: a4paper
landscape: --
twocolumn: --
twoside: --
asymmetric: --
h-parts: 72.26999pt, 452.9679pt, 72.26999pt
v-parts: 72.26999pt, 700.50687pt, 72.26999pt
hmarginratio: --
vmarginratio: --
lines: --
heightrounded: --
bindingoffset: 0.0pt
truedimen: --
includehead: --
includefoot: --
includemp: --
driver: pdftex
-------------------- Page layout dimensions and switches
\paperwidth  597.50787pt
\paperheight 845.04684pt
\textwidth  452.9679pt
\textheight 700.50687pt
\oddsidemargin  0.0pt
\evensidemargin 0.0pt
\topmargin  -37.0pt
\headheight 12.0pt
\headsep    25.0pt
\footskip   30.0pt
\marginparwidth 35.0pt
\marginparsep   10.0pt
\columnsep  10.0pt
\skip\footins  10.8pt plus 4.0pt minus 2.0pt
\hoffset 0.0pt
\voffset 0.0pt
\mag 1000

(1in=72.27pt, 1cm=28.45pt)
-----------------------
[1

{/var/lib/texmf/fonts/map/pdftex/updmap/pdftex.map}] [1] (./finalreport.toc
LaTeX Font Info:    Try loading font information for U+msa on input line 2.

(/usr/share/texmf-texlive/tex/latex/amsfonts/umsa.fd
File: umsa.fd 2009/06/22 v3.00 AMS symbols A
)
LaTeX Font Info:    Try loading font information for U+msb on input line 2.

(/usr/share/texmf-texlive/tex/latex/amsfonts/umsb.fd
File: umsb.fd 2009/06/22 v3.00 AMS symbols B
) [1

] [2])
\tf@toc=\write3
\openout3 = `finalreport.toc'.

 [3]
Chapter 1.
[4

] [5] [6] [7] [8] [9]
Chapter 2.
[10

]
Overfull \hbox (2.39969pt too wide) in paragraph at lines 213--214
[]\OT1/cmr/m/n/12 A fur-ther break-down of the ob-jec-tives, to-gether with a t
hor-ough project task timetable,
 []

[11]
Chapter 3.
[12

] <images/nodetree.jpg, id=54, 487.8225pt x 276.03125pt>
File: images/nodetree.jpg Graphic file (type jpg)

<use images/nodetree.jpg> (./documents/xmlexample.xml)
Overfull \hbox (5.55606pt too wide) in paragraph at lines 259--260
\OT1/cmr/m/n/12 shows the struc-ture and for-mat-ting used. Fig-ure 3.1[] and F
ig-ure 3.2[] show that $\OML/cmm/m/it/12 <$\OT1/cmr/m/n/12 bookstore$\OML/cmm/m
/it/12 >$
 []

[13] [14 <./images/nodetree.jpg>] [15]
(/usr/share/texmf-texlive/tex/latex/ucs/data/uni-0.def
File: uni-0.def 2004/10/17 UCS: Unicode data U+0000..U+00FF
)
<images/cloaksms.jpg, id=66, 321.2pt x 481.8pt>
File: images/cloaksms.jpg Graphic file (type jpg)
 <use images/cloaksms.jpg>
[16 <./images/cloaksms.jpg>] <images/cat2.jpg, id=70, 321.2pt x 481.8pt>
File: images/cat2.jpg Graphic file (type jpg)

<use images/cat2.jpg> <images/cat1.jpg, id=71, 321.2pt x 481.8pt>
File: images/cat1.jpg Graphic file (type jpg)

<use images/cat1.jpg> [17 <./images/cat2.jpg> <./images/cat1.jpg>] [18]
[19] [20] <images/sbox.jpg, id=90, 641.39626pt x 295.1025pt>
File: images/sbox.jpg Graphic file (type jpg)

<use images/sbox.jpg> [21]
<images/shiftrows.jpg, id=94, 803.0pt x 290.08376pt>
File: images/shiftrows.jpg Graphic file (type jpg)

<use images/shiftrows.jpg>
<images/mixcols1.jpg, id=95, 461.47406pt x 231.11343pt>
File: images/mixcols1.jpg Graphic file (type jpg)

<use images/mixcols1.jpg>
<images/mixcols2.jpg, id=96, 226.59656pt x 85.06781pt>
File: images/mixcols2.jpg Graphic file (type jpg)

<use images/mixcols2.jpg>
<images/mixcolsexample.jpg, id=97, 324.46219pt x 71.51718pt>
File: images/mixcolsexample.jpg Graphic file (type jpg)

<use images/mixcolsexample.jpg> [22 <./images/sbox.jpg> <./images/shiftrows.jpg
>] <images/invmixcols.jpg, id=101, 376.40625pt x 73.02281pt>
File: images/invmixcols.jpg Graphic file (type jpg)

<use images/invmixcols.jpg> [23 <./images/mixcols1.jpg> <./images/mixcols2.jpg>
 <./images/mixcolsexample.jpg>]
<images/addroundkey1.jpg, id=106, 376.40625pt x 58.71938pt>
File: images/addroundkey1.jpg Graphic file (type jpg)

<use images/addroundkey1.jpg>
<images/keyexp1.jpg, id=107, 263.48438pt x 322.95656pt>
File: images/keyexp1.jpg Graphic file (type jpg)

<use images/keyexp1.jpg>
Overfull \hbox (15.36395pt too wide) in paragraph at lines 566--567
[]\OT1/cmr/m/n/12 One-byte cir-cu-lar left shift on a word. This means in-put w
ord [B$[]$,B$[]$,B$[]$,B$[]$]
 []

[24 <./images/invmixcols.jpg> <./images/addroundkey1.jpg>]
(/usr/share/texmf-texlive/tex/latex/listings/lstlang1.sty
File: lstlang1.sty 2004/09/05 1.3 listings language file
)
(./documents/keyexpcode.java
LaTeX Font Info:    Try loading font information for OMS+cmr on input line 2.
 (/usr/share/texmf-texlive/tex/latex/base/omscmr.fd
File: omscmr.fd 1999/05/25 v2.5h Standard LaTeX font definitions
)
LaTeX Font Info:    Font shape `OMS/cmr/m/n' in size <8> not available
(Font)              Font shape `OMS/cmsy/m/n' tried instead on input line 2.
LaTeX Font Info:    Try loading font information for OML+cmr on input line 4.
 (/usr/share/texmf-texlive/tex/latex/base/omlcmr.fd
File: omlcmr.fd 1999/05/25 v2.5h Standard LaTeX font definitions
)
LaTeX Font Info:    Font shape `OML/cmr/m/n' in size <8> not available
(Font)              Font shape `OML/cmm/m/it' tried instead on input line 4.
) [25 <./images/keyexp1.jpg>] <images/decrypt1.jpg, id=114, 376.40625pt x 450.1
8187pt>
File: images/decrypt1.jpg Graphic file (type jpg)

<use images/decrypt1.jpg> [26] [27 <./images/decrypt1.jpg>] [28] [29] [30]
[31] [32] [33] <images/rsasum.jpg, id=144, 339.51843pt x 383.18156pt>
File: images/rsasum.jpg Graphic file (type jpg)

<use images/rsasum.jpg> [34] [35 <./images/rsasum.jpg>]
<images/eccbaseexample.jpg, id=152, 376.40625pt x 529.98pt>
File: images/eccbaseexample.jpg Graphic file (type jpg)

<use images/eccbaseexample.jpg> [36] [37 <./images/eccbaseexample.jpg>]
<images/ecczpexample.jpg, id=159, 376.40625pt x 344.78813pt>
File: images/ecczpexample.jpg Graphic file (type jpg)

<use images/ecczpexample.jpg> [38] [39 <./images/ecczpexample.jpg>] [40]
[41] [42] [43]
Chapter 4.
[44

] <images/mainsystem1.jpg, id=183, 682.55pt x 344.28625pt>
File: images/mainsystem1.jpg Graphic file (type jpg)

<use images/mainsystem1.jpg> [45 <./images/mainsystem1.jpg>] [46] [47]
<images/dbmanagerclass.jpg, id=194, 597.23125pt x 414.54875pt>
File: images/dbmanagerclass.jpg Graphic file (type jpg)

<use images/dbmanagerclass.jpg> [48] [49 <./images/dbmanagerclass.jpg>]
<images/designs2.jpg, id=201, 691.58376pt x 264.99pt>
File: images/designs2.jpg Graphic file (type jpg)

<use images/designs2.jpg> (./documents/xmldesign.xml)
<images/xmlclass.jpg, id=202, 641.39626pt x 401.5pt>
File: images/xmlclass.jpg Graphic file (type jpg)
 <use images/xmlclass.jpg>
[50 <./images/designs2.jpg>]
<images/keyex.jpg, id=206, 715.67375pt x 634.37pt>
File: images/keyex.jpg Graphic file (type jpg)
 <use images/keyex.jpg>
[51 <./images/xmlclass.jpg> <./images/keyex.jpg>]
(/usr/share/texmf-texlive/tex/latex/ucs/data/uni-32.def
File: uni-32.def 2004/10/17 UCS: Unicode data U+2000..U+20FF
)
Overfull \hbox (23.93927pt too wide) in paragraph at lines 1335--1336
[]\OT1/cmr/m/n/12 Bob de-crypts the mes-sage, checks Al-ice's ID and sends to T
rent: $\OML/cmm/m/it/12 Bob; Alice; Timestamp\OT1/cmr/m/n/12 2$ 
 []

[52]
Chapter 5.
[53

] [54] [55]
<images/screenshots/scloginserver.jpg, id=223, 376.40625pt x 115.18031pt>
File: images/screenshots/scloginserver.jpg Graphic file (type jpg)

<use images/screenshots/scloginserver.jpg> [56]
<images/screenshots/scloginclient.jpg, id=227, 352.31625pt x 72.27pt>
File: images/screenshots/scloginclient.jpg Graphic file (type jpg)

<use images/screenshots/scloginclient.jpg>
<images/screenshots/clientsend1.jpg, id=228, 559.33969pt x 330.48468pt>
File: images/screenshots/clientsend1.jpg Graphic file (type jpg)

<use images/screenshots/clientsend1.jpg>
<images/screenshots/clientrec1.jpg, id=229, 502.12593pt x 273.27094pt>
File: images/screenshots/clientrec1.jpg Graphic file (type jpg)

<use images/screenshots/clientrec1.jpg> [57 <./images/screenshots/scloginserver
.jpg> <./images/screenshots/scloginclient.jpg>] [58 <./images/screenshots/clien
tsend1.jpg> <./images/screenshots/clientrec1.jpg>]
<images/screenshots/keyex1.jpg, id=236, 420.06938pt x 307.90031pt>
File: images/screenshots/keyex1.jpg Graphic file (type jpg)

<use images/screenshots/keyex1.jpg> [59]
<images/screenshots/database1.jpg, id=241, 654.94687pt x 389.95688pt>
File: images/screenshots/database1.jpg Graphic file (type jpg)

<use images/screenshots/database1.jpg> [60 <./images/screenshots/keyex1.jpg> <.
/images/screenshots/database1.jpg>]
<images/screenshots/database2.jpg, id=245, 650.43pt x 390.70969pt>
File: images/screenshots/database2.jpg Graphic file (type jpg)

<use images/screenshots/database2.jpg> [61 <./images/screenshots/database2.jpg>
] <images/screenshots/app1a.jpg, id=249, 542.025pt x 963.6pt>
File: images/screenshots/app1a.jpg Graphic file (type jpg)

<use images/screenshots/app1a.jpg>
<images/screenshots/app1b.jpg, id=250, 542.025pt x 963.6pt>
File: images/screenshots/app1b.jpg Graphic file (type jpg)

<use images/screenshots/app1b.jpg>
<images/screenshots/app2.jpg, id=251, 542.025pt x 963.6pt>
File: images/screenshots/app2.jpg Graphic file (type jpg)

<use images/screenshots/app2.jpg>
<images/screenshots/app3.jpg, id=252, 542.025pt x 963.6pt>
File: images/screenshots/app3.jpg Graphic file (type jpg)

<use images/screenshots/app3.jpg> [62] [63 <./images/screenshots/app1a.jpg> <./
images/screenshots/app1b.jpg> <./images/screenshots/app2.jpg>]
<images/screenshots/appforceclose.jpg, id=259, 542.025pt x 963.6pt>
File: images/screenshots/appforceclose.jpg Graphic file (type jpg)

<use images/screenshots/appforceclose.jpg> [64 <./images/screenshots/app3.jpg> 
<./images/screenshots/appforceclose.jpg>]
<images/screenshots/logcatex.jpg, id=263, 877.02657pt x 150.5625pt>
File: images/screenshots/logcatex.jpg Graphic file (type jpg)

<use images/screenshots/logcatex.jpg> [65 <./images/screenshots/logcatex.jpg>]
[66]
Chapter 6.
[67

] [68] [69] [70] [71] [72]
Chapter 7.
[73

] [74] [75]
Chapter 8.
[76

] [77]
Chapter 9.
[78

]
Appendix A.
<images/ProgReportChart.jpg, id=309, 1181.41376pt x 692.5875pt>
File: images/ProgReportChart.jpg Graphic file (type jpg)

<use images/ProgReportChart.jpg> (./finalreport.bbl [79

 <./images/ProgReportChart.jpg>]
Underfull \hbox (badness 7273) in paragraph at lines 15--18
[]\OT1/cmr/m/n/12 Microsoft Co-po-ra-tion. Win-dows Phone 8;.  [On-line](URL $\
OT1/cmtt/m/n/12 http : / / www .
 []

[80

]
Underfull \hbox (badness 10000) in paragraph at lines 90--95
[]\OT1/cmr/m/n/12 Gemalto. Are SMS text mes-sages safer than emails?;.  [On-
 []


Underfull \hbox (badness 10000) in paragraph at lines 90--95
\OT1/cmr/m/n/12 line](URL $\OT1/cmtt/m/n/12 http : / / www . justaskgemalto . c
om / us / communicating / tips /
 []


Underfull \hbox (badness 10000) in paragraph at lines 121--126
[]\OT1/cmr/m/n/12 VHDL. Ad-vanced En-cryp-tion Scheme Stu-dent Wiki;.  [On-line
](URL
 []


Underfull \hbox (badness 10000) in paragraph at lines 121--126
\OT1/cmtt/m/n/12 http : / / vhdl . pbworks . com / w / page / 4302806 / Progett
o % 20AA % 2008-[]09 % 3A %
 []

[81]
Underfull \hbox (badness 1189) in paragraph at lines 169--173
[]\OT1/cmr/m/n/12 Samsung Elec-tron-ics. Galaxy S3 Spec-i-fi-ca-tions;.  [On-li
ne](URL $\OT1/cmtt/m/n/12 http : / / www .
 []

) [82] (./finalreport.aux) ) 
Here is how much of TeX's memory you used:
 7451 strings out of 495061
 104448 string characters out of 1182620
 176881 words of memory out of 3000000
 10478 multiletter control sequences out of 15000+50000
 14374 words of font info for 55 fonts, out of 3000000 for 9000
 28 hyphenation exceptions out of 8191
 36i,9n,43p,1894b,1475s stack positions out of 5000i,500n,10000p,200000b,50000s
 </home/tom/.texmf-var/fonts/pk/ljfour/jknappen/ec/
tcrm0800.600pk> </home/tom/.texmf-var/fonts/pk/ljfour/jknappen/ec/tcrm1200.600p
k></usr/share/texmf-texlive/fonts/type1/public/amsfonts/cm/cmbx12.pfb></usr/sha
re/texmf-texlive/fonts/type1/public/amsfonts/cm/cmbx8.pfb></usr/share/texmf-tex
live/fonts/type1/public/amsfonts/cm/cmex10.pfb></usr/share/texmf-texlive/fonts/
type1/public/amsfonts/cm/cmmi10.pfb></usr/share/texmf-texlive/fonts/type1/publi
c/amsfonts/cm/cmmi12.pfb></usr/share/texmf-texlive/fonts/type1/public/amsfonts/
cm/cmmi6.pfb></usr/share/texmf-texlive/fonts/type1/public/amsfonts/cm/cmmi8.pfb
></usr/share/texmf-texlive/fonts/type1/public/amsfonts/cm/cmr10.pfb></usr/share
/texmf-texlive/fonts/type1/public/amsfonts/cm/cmr12.pfb></usr/share/texmf-texli
ve/fonts/type1/public/amsfonts/cm/cmr17.pfb></usr/share/texmf-texlive/fonts/typ
e1/public/amsfonts/cm/cmr6.pfb></usr/share/texmf-texlive/fonts/type1/public/ams
fonts/cm/cmr7.pfb></usr/share/texmf-texlive/fonts/type1/public/amsfonts/cm/cmr8
.pfb></usr/share/texmf-texlive/fonts/type1/public/amsfonts/cm/cmsy10.pfb></usr/
share/texmf-texlive/fonts/type1/public/amsfonts/cm/cmsy8.pfb></usr/share/texmf-
texlive/fonts/type1/public/amsfonts/cm/cmti12.pfb></usr/share/texmf-texlive/fon
ts/type1/public/amsfonts/cm/cmtt12.pfb></usr/share/texmf-texlive/fonts/type1/pu
blic/amsfonts/cm/cmtt8.pfb></usr/share/texmf-texlive/fonts/type1/public/amsfont
s/symbols/msam10.pfb>
Output written on finalreport.pdf (84 pages, 2341767 bytes).
PDF statistics:
 396 PDF objects out of 1000 (max. 8388607)
 0 named destinations out of 1000 (max. 500000)
 176 words of extra memory for PDF output out of 10000 (max. 10000000)

